  bullet.cpp
  Enemy.cpp
C:\4 etc\sfml-topdown-shooting\KensGame\KensGame\Enemy.cpp(78,30): warning C4244: '+=': conversion from 'float' to 'T', possible loss of data
          with
          [
              T=int
          ]
C:\4 etc\sfml-topdown-shooting\KensGame\KensGame\Enemy.cpp(79,67): warning C4244: '=': conversion from 'float' to 'T', possible loss of data
          with
          [
              T=int
          ]
  Game.cpp
C:\4 etc\sfml-topdown-shooting\KensGame\KensGame\Game.cpp(345,76): warning C4244: 'argument': conversion from 'int' to 'float', possible loss of data
  Item.cpp
  main.cpp
  Player.cpp
C:\4 etc\sfml-topdown-shooting\KensGame\KensGame\Player.cpp(63,58): warning C4244: '+=': conversion from 'float' to 'T', possible loss of data
          with
          [
              T=int
          ]
C:\4 etc\sfml-topdown-shooting\KensGame\KensGame\Player.cpp(65,37): warning C4244: '=': conversion from 'float' to 'T', possible loss of data
          with
          [
              T=int
          ]
  World.cpp
  Generating Code...
C:\4 etc\sfml-topdown-shooting\KensGame\KensGame\Enemy.cpp(117): warning C4172: returning address of local variable or temporary
  KensGame.vcxproj -> C:\4 etc\sfml-topdown-shooting\KensGame\x64\Debug\KensGame.exe
